<?xml version="1.0" encoding="UTF-8"?>
<!-- Generated by org.testng.reporters.JUnitXMLReporter -->
<testsuite ignored="0" hostname="DESKTOP-SRNFPC7" failures="0" tests="4" name="Default test" time="10.121" errors="0" timestamp="2023-04-13T01:52:11 IST">
  <testcase classname="api.test.UserTestPropertiesFile" name="testPostUser" time="4.419"/>
  <testcase classname="api.test.UserTestPropertiesFile" name="testGetUser" time="1.1"/>
  <testcase classname="api.test.UserTestPropertiesFile" name="testPutUser" time="2.133"/>
  <testcase classname="api.test.UserTestPropertiesFile" name="testDeleteUser" time="1.039"/>
</testsuite> <!-- Default test -->
