<?xml version="1.0" encoding="UTF-8"?>
<!-- Generated by org.testng.reporters.JUnitXMLReporter -->
<testsuite ignored="0" hostname="DESKTOP-SRNFPC7" failures="0" tests="22" name="UserTest" time="40.669" errors="0" timestamp="2023-04-13T02:05:11 IST">
  <testcase classname="api.test.UserTest" name="testPostUser" time="3.492"/>
  <testcase classname="api.test.UserTest" name="testGetUser" time="1.125"/>
  <testcase classname="api.test.UserTest" name="testPutUser" time="2.122"/>
  <testcase classname="api.test.UserTest" name="testDeleteUser" time="1.049"/>
  <testcase classname="api.test.DataDrivenTest" name="testDeleteUserDD" time="1.125"/>
  <testcase classname="api.test.DataDrivenTest" name="testDeleteUserDD" time="1.119"/>
  <testcase classname="api.test.DataDrivenTest" name="testDeleteUserDD" time="1.056"/>
  <testcase classname="api.test.DataDrivenTest" name="testDeleteUserDD" time="1.073"/>
  <testcase classname="api.test.DataDrivenTest" name="testDeleteUserDD" time="1.109"/>
  <testcase classname="api.test.DataDrivenTest" name="testDeleteUserDD" time="1.026"/>
  <testcase classname="api.test.DataDrivenTest" name="testDeleteUserDD" time="1.078"/>
  <testcase classname="api.test.DataDrivenTest" name="testDeleteUserDD" time="1.159"/>
  <testcase classname="api.test.DataDrivenTest" name="testDeleteUserDD" time="1.068"/>
  <testcase classname="api.test.DataDrivenTest" name="testPostUserDD" time="2.195"/>
  <testcase classname="api.test.DataDrivenTest" name="testPostUserDD" time="2.561"/>
  <testcase classname="api.test.DataDrivenTest" name="testPostUserDD" time="2.146"/>
  <testcase classname="api.test.DataDrivenTest" name="testPostUserDD" time="2.279"/>
  <testcase classname="api.test.DataDrivenTest" name="testPostUserDD" time="2.179"/>
  <testcase classname="api.test.DataDrivenTest" name="testPostUserDD" time="2.149"/>
  <testcase classname="api.test.DataDrivenTest" name="testPostUserDD" time="2.269"/>
  <testcase classname="api.test.DataDrivenTest" name="testPostUserDD" time="2.111"/>
  <testcase classname="api.test.DataDrivenTest" name="testPostUserDD" time="2.193"/>
</testsuite> <!-- UserTest -->
