<?xml version="1.0" encoding="UTF-8"?>
<testsuite xmlns:xsi="http://www.w3.org/2001/XMLSchema-instance" xsi:noNamespaceSchemaLocation="https://maven.apache.org/surefire/maven-surefire-plugin/xsd/surefire-test-report-3.0.xsd" version="3.0" name="TestSuite" time="42.528" tests="22" errors="0" skipped="0" failures="0">
  <properties>
[...]
</properties>
  <testcase name="testPostUser" classname="api.test.UserTest" time="3.565">
    <system-out><![CDATA[HTTP/1.1 200 OK
Date: Wed, 12 Apr 2023 20:56:19 GMT
Content-Type: application/json
Transfer-Encoding: chunked
Connection: keep-alive
Access-Control-Allow-Origin: *
Access-Control-Allow-Methods: GET, POST, DELETE, PUT
Access-Control-Allow-Headers: Content-Type, api_key, Authorization
Server: Jetty(9.2.9.v20150224)

{
    "code": 200,
    "type": "unknown",
    "message": "1062635358"
}
]]></system-out>
    <system-err><![CDATA[SLF4J: Failed to load class "org.slf4j.impl.StaticLoggerBinder".
SLF4J: Defaulting to no-operation (NOP) logger implementation
SLF4J: See http://www.slf4j.org/codes.html#StaticLoggerBinder for further details.
]]></system-err>
  </testcase>
  <testcase name="testGetUser" classname="api.test.UserTest" time="1.095">
    <system-out><![CDATA[HTTP/1.1 200 OK
Date: Wed, 12 Apr 2023 20:56:20 GMT
Content-Type: application/json
Transfer-Encoding: chunked
Connection: keep-alive
Access-Control-Allow-Origin: *
Access-Control-Allow-Methods: GET, POST, DELETE, PUT
Access-Control-Allow-Headers: Content-Type, api_key, Authorization
Server: Jetty(9.2.9.v20150224)

{
    "id": 1062635358,
    "username": "constance.hyatt",
    "firstName": "Tory",
    "lastName": "Block",
    "email": "shawn.hilpert@example.com",
    "password": "l7eqr",
    "phone": "1-926-938-6144",
    "userStatus": 0
}
]]></system-out>
  </testcase>
  <testcase name="testPutUser" classname="api.test.UserTest" time="2.083">
    <system-out><![CDATA[HTTP/1.1 200 OK
Date: Wed, 12 Apr 2023 20:56:21 GMT
Content-Type: application/json
Transfer-Encoding: chunked
Connection: keep-alive
Access-Control-Allow-Origin: *
Access-Control-Allow-Methods: GET, POST, DELETE, PUT
Access-Control-Allow-Headers: Content-Type, api_key, Authorization
Server: Jetty(9.2.9.v20150224)

{
    "code": 200,
    "type": "unknown",
    "message": "1062635358"
}
HTTP/1.1 200 OK
Date: Wed, 12 Apr 2023 20:56:22 GMT
Content-Type: application/json
Transfer-Encoding: chunked
Connection: keep-alive
Access-Control-Allow-Origin: *
Access-Control-Allow-Methods: GET, POST, DELETE, PUT
Access-Control-Allow-Headers: Content-Type, api_key, Authorization
Server: Jetty(9.2.9.v20150224)

{
    "id": 1062635358,
    "username": "constance.hyatt",
    "firstName": "Bruno",
    "lastName": "Huel",
    "email": "shawn.hilpert@example.com",
    "password": "l7eqr",
    "phone": "1-926-938-6144",
    "userStatus": 0
}
]]></system-out>
  </testcase>
  <testcase name="testDeleteUser" classname="api.test.UserTest" time="1.075">
    <system-out><![CDATA[HTTP/1.1 200 OK
Date: Wed, 12 Apr 2023 20:56:23 GMT
Content-Type: application/json
Transfer-Encoding: chunked
Connection: keep-alive
Access-Control-Allow-Origin: *
Access-Control-Allow-Methods: GET, POST, DELETE, PUT
Access-Control-Allow-Headers: Content-Type, api_key, Authorization
Server: Jetty(9.2.9.v20150224)

{
    "code": 200,
    "type": "unknown",
    "message": "constance.hyatt"
}
]]></system-out>
  </testcase>
  <testcase name="testDeleteUserDD[testeruser1](1)" classname="api.test.DataDrivenTest" time="1.144">
    <system-out><![CDATA[HTTP/1.1 200 OK
Date: Wed, 12 Apr 2023 20:56:26 GMT
Content-Type: application/json
Transfer-Encoding: chunked
Connection: keep-alive
Access-Control-Allow-Origin: *
Access-Control-Allow-Methods: GET, POST, DELETE, PUT
Access-Control-Allow-Headers: Content-Type, api_key, Authorization
Server: Jetty(9.2.9.v20150224)

{
    "code": 200,
    "type": "unknown",
    "message": "testeruser1"
}
]]></system-out>
  </testcase>
  <testcase name="testDeleteUserDD[testeruser2](2)" classname="api.test.DataDrivenTest" time="1.079">
    <system-out><![CDATA[HTTP/1.1 200 OK
Date: Wed, 12 Apr 2023 20:56:27 GMT
Content-Type: application/json
Transfer-Encoding: chunked
Connection: keep-alive
Access-Control-Allow-Origin: *
Access-Control-Allow-Methods: GET, POST, DELETE, PUT
Access-Control-Allow-Headers: Content-Type, api_key, Authorization
Server: Jetty(9.2.9.v20150224)

{
    "code": 200,
    "type": "unknown",
    "message": "testeruser2"
}
]]></system-out>
  </testcase>
  <testcase name="testDeleteUserDD[testeruser3](3)" classname="api.test.DataDrivenTest" time="1.054">
    <system-out><![CDATA[HTTP/1.1 200 OK
Date: Wed, 12 Apr 2023 20:56:28 GMT
Content-Type: application/json
Transfer-Encoding: chunked
Connection: keep-alive
Access-Control-Allow-Origin: *
Access-Control-Allow-Methods: GET, POST, DELETE, PUT
Access-Control-Allow-Headers: Content-Type, api_key, Authorization
Server: Jetty(9.2.9.v20150224)

{
    "code": 200,
    "type": "unknown",
    "message": "testeruser3"
}
]]></system-out>
  </testcase>
  <testcase name="testDeleteUserDD[testeruser4](4)" classname="api.test.DataDrivenTest" time="1.069">
    <system-out><![CDATA[HTTP/1.1 200 OK
Date: Wed, 12 Apr 2023 20:56:29 GMT
Content-Type: application/json
Transfer-Encoding: chunked
Connection: keep-alive
Access-Control-Allow-Origin: *
Access-Control-Allow-Methods: GET, POST, DELETE, PUT
Access-Control-Allow-Headers: Content-Type, api_key, Authorization
Server: Jetty(9.2.9.v20150224)

{
    "code": 200,
    "type": "unknown",
    "message": "testeruser4"
}
]]></system-out>
  </testcase>
  <testcase name="testDeleteUserDD[testeruser5](5)" classname="api.test.DataDrivenTest" time="1.718">
    <system-out><![CDATA[HTTP/1.1 200 OK
Date: Wed, 12 Apr 2023 20:56:31 GMT
Content-Type: application/json
Transfer-Encoding: chunked
Connection: keep-alive
Access-Control-Allow-Origin: *
Access-Control-Allow-Methods: GET, POST, DELETE, PUT
Access-Control-Allow-Headers: Content-Type, api_key, Authorization
Server: Jetty(9.2.9.v20150224)

{
    "code": 200,
    "type": "unknown",
    "message": "testeruser5"
}
]]></system-out>
  </testcase>
  <testcase name="testDeleteUserDD[testeruser6](6)" classname="api.test.DataDrivenTest" time="1.061">
    <system-out><![CDATA[HTTP/1.1 200 OK
Date: Wed, 12 Apr 2023 20:56:32 GMT
Content-Type: application/json
Transfer-Encoding: chunked
Connection: keep-alive
Access-Control-Allow-Origin: *
Access-Control-Allow-Methods: GET, POST, DELETE, PUT
Access-Control-Allow-Headers: Content-Type, api_key, Authorization
Server: Jetty(9.2.9.v20150224)

{
    "code": 200,
    "type": "unknown",
    "message": "testeruser6"
}
]]></system-out>
  </testcase>
  <testcase name="testDeleteUserDD[testeruser7](7)" classname="api.test.DataDrivenTest" time="1.088">
    <system-out><![CDATA[HTTP/1.1 200 OK
Date: Wed, 12 Apr 2023 20:56:33 GMT
Content-Type: application/json
Transfer-Encoding: chunked
Connection: keep-alive
Access-Control-Allow-Origin: *
Access-Control-Allow-Methods: GET, POST, DELETE, PUT
Access-Control-Allow-Headers: Content-Type, api_key, Authorization
Server: Jetty(9.2.9.v20150224)

{
    "code": 200,
    "type": "unknown",
    "message": "testeruser7"
}
]]></system-out>
  </testcase>
  <testcase name="testDeleteUserDD[testeruser8](8)" classname="api.test.DataDrivenTest" time="1.087">
    <system-out><![CDATA[HTTP/1.1 200 OK
Date: Wed, 12 Apr 2023 20:56:34 GMT
Content-Type: application/json
Transfer-Encoding: chunked
Connection: keep-alive
Access-Control-Allow-Origin: *
Access-Control-Allow-Methods: GET, POST, DELETE, PUT
Access-Control-Allow-Headers: Content-Type, api_key, Authorization
Server: Jetty(9.2.9.v20150224)

{
    "code": 200,
    "type": "unknown",
    "message": "testeruser8"
}
]]></system-out>
  </testcase>
  <testcase name="testDeleteUserDD[testeruser9](9)" classname="api.test.DataDrivenTest" time="1.066">
    <system-out><![CDATA[HTTP/1.1 200 OK
Date: Wed, 12 Apr 2023 20:56:35 GMT
Content-Type: application/json
Transfer-Encoding: chunked
Connection: keep-alive
Access-Control-Allow-Origin: *
Access-Control-Allow-Methods: GET, POST, DELETE, PUT
Access-Control-Allow-Headers: Content-Type, api_key, Authorization
Server: Jetty(9.2.9.v20150224)

{
    "code": 200,
    "type": "unknown",
    "message": "testeruser9"
}
]]></system-out>
  </testcase>
  <testcase name="testPostUserDD[1001, testeruser1, John, lastname1, a@gmail.com, 1234567, test@1](1)" classname="api.test.DataDrivenTest" time="2.071">
    <system-out><![CDATA[path C:\Users\DELL\eclipse-workspace\RestAPITestFramework1\testData\userTestData.xlsxHTTP/1.1 200 OK
Date: Wed, 12 Apr 2023 20:56:37 GMT
Content-Type: application/json
Transfer-Encoding: chunked
Connection: keep-alive
Access-Control-Allow-Origin: *
Access-Control-Allow-Methods: GET, POST, DELETE, PUT
Access-Control-Allow-Headers: Content-Type, api_key, Authorization
Server: Jetty(9.2.9.v20150224)

{
    "code": 200,
    "type": "unknown",
    "message": "2006395236"
}
HTTP/1.1 200 OK
Date: Wed, 12 Apr 2023 20:56:38 GMT
Content-Type: application/json
Transfer-Encoding: chunked
Connection: keep-alive
Access-Control-Allow-Origin: *
Access-Control-Allow-Methods: GET, POST, DELETE, PUT
Access-Control-Allow-Headers: Content-Type, api_key, Authorization
Server: Jetty(9.2.9.v20150224)

{
    "id": 1651503223,
    "username": "testeruser1",
    "firstName": "John",
    "lastName": "lastname1",
    "email": "a@gmail.com",
    "password": "test@1",
    "phone": "1234567",
    "userStatus": 0
}
]]></system-out>
  </testcase>
  <testcase name="testPostUserDD[1002, testeruser2, Kim, lastname2, b@gmail.com, 1234568, test@2](2)" classname="api.test.DataDrivenTest" time="2.121">
    <system-out><![CDATA[HTTP/1.1 200 OK
Date: Wed, 12 Apr 2023 20:56:39 GMT
Content-Type: application/json
Transfer-Encoding: chunked
Connection: keep-alive
Access-Control-Allow-Origin: *
Access-Control-Allow-Methods: GET, POST, DELETE, PUT
Access-Control-Allow-Headers: Content-Type, api_key, Authorization
Server: Jetty(9.2.9.v20150224)

{
    "code": 200,
    "type": "unknown",
    "message": "359591921"
}
HTTP/1.1 200 OK
Date: Wed, 12 Apr 2023 20:56:40 GMT
Content-Type: application/json
Transfer-Encoding: chunked
Connection: keep-alive
Access-Control-Allow-Origin: *
Access-Control-Allow-Methods: GET, POST, DELETE, PUT
Access-Control-Allow-Headers: Content-Type, api_key, Authorization
Server: Jetty(9.2.9.v20150224)

{
    "id": 436661284,
    "username": "testeruser2",
    "firstName": "Kim",
    "lastName": "lastname2",
    "email": "b@gmail.com",
    "password": "test@2",
    "phone": "1234568",
    "userStatus": 0
}
]]></system-out>
  </testcase>
  <testcase name="testPostUserDD[1003, testeruser3, Pam, lastname3, c@gmail.com, 1234569, test@3](3)" classname="api.test.DataDrivenTest" time="2.221">
    <system-out><![CDATA[HTTP/1.1 200 OK
Date: Wed, 12 Apr 2023 20:56:42 GMT
Content-Type: application/json
Transfer-Encoding: chunked
Connection: keep-alive
Access-Control-Allow-Origin: *
Access-Control-Allow-Methods: GET, POST, DELETE, PUT
Access-Control-Allow-Headers: Content-Type, api_key, Authorization
Server: Jetty(9.2.9.v20150224)

{
    "code": 200,
    "type": "unknown",
    "message": "192279540"
}
HTTP/1.1 200 OK
Date: Wed, 12 Apr 2023 20:56:43 GMT
Content-Type: application/json
Transfer-Encoding: chunked
Connection: keep-alive
Access-Control-Allow-Origin: *
Access-Control-Allow-Methods: GET, POST, DELETE, PUT
Access-Control-Allow-Headers: Content-Type, api_key, Authorization
Server: Jetty(9.2.9.v20150224)

{
    "id": 333890884,
    "username": "testeruser3",
    "firstName": "Pam",
    "lastName": "lastname3",
    "email": "c@gmail.com",
    "password": "test@3",
    "phone": "1234569",
    "userStatus": 0
}
]]></system-out>
  </testcase>
  <testcase name="testPostUserDD[1004, testeruser4, Raj, lastname4, d@gmail.com, 1234570, test@4](4)" classname="api.test.DataDrivenTest" time="2.17">
    <system-out><![CDATA[HTTP/1.1 200 OK
Date: Wed, 12 Apr 2023 20:56:44 GMT
Content-Type: application/json
Transfer-Encoding: chunked
Connection: keep-alive
Access-Control-Allow-Origin: *
Access-Control-Allow-Methods: GET, POST, DELETE, PUT
Access-Control-Allow-Headers: Content-Type, api_key, Authorization
Server: Jetty(9.2.9.v20150224)

{
    "code": 200,
    "type": "unknown",
    "message": "646559570"
}
HTTP/1.1 200 OK
Date: Wed, 12 Apr 2023 20:56:45 GMT
Content-Type: application/json
Transfer-Encoding: chunked
Connection: keep-alive
Access-Control-Allow-Origin: *
Access-Control-Allow-Methods: GET, POST, DELETE, PUT
Access-Control-Allow-Headers: Content-Type, api_key, Authorization
Server: Jetty(9.2.9.v20150224)

{
    "id": 413880637,
    "username": "testeruser4",
    "firstName": "Raj",
    "lastName": "lastname4",
    "email": "d@gmail.com",
    "password": "test@4",
    "phone": "1234570",
    "userStatus": 0
}
]]></system-out>
  </testcase>
  <testcase name="testPostUserDD[1005, testeruser5, Sheldon, lastname5, e@gmail.com, 1234571, test@5](5)" classname="api.test.DataDrivenTest" time="2.183">
    <system-out><![CDATA[HTTP/1.1 200 OK
Date: Wed, 12 Apr 2023 20:56:46 GMT
Content-Type: application/json
Transfer-Encoding: chunked
Connection: keep-alive
Access-Control-Allow-Origin: *
Access-Control-Allow-Methods: GET, POST, DELETE, PUT
Access-Control-Allow-Headers: Content-Type, api_key, Authorization
Server: Jetty(9.2.9.v20150224)

{
    "code": 200,
    "type": "unknown",
    "message": "246540392"
}
HTTP/1.1 200 OK
Date: Wed, 12 Apr 2023 20:56:47 GMT
Content-Type: application/json
Transfer-Encoding: chunked
Connection: keep-alive
Access-Control-Allow-Origin: *
Access-Control-Allow-Methods: GET, POST, DELETE, PUT
Access-Control-Allow-Headers: Content-Type, api_key, Authorization
Server: Jetty(9.2.9.v20150224)

{
    "id": 657412979,
    "username": "testeruser5",
    "firstName": "Sheldon",
    "lastName": "lastname5",
    "email": "e@gmail.com",
    "password": "test@5",
    "phone": "1234571",
    "userStatus": 0
}
]]></system-out>
  </testcase>
  <testcase name="testPostUserDD[1006, testeruser6, Chandler, lastname6, f@gmail.com, 1234572, test@6](6)" classname="api.test.DataDrivenTest" time="2.146">
    <system-out><![CDATA[HTTP/1.1 200 OK
Date: Wed, 12 Apr 2023 20:56:48 GMT
Content-Type: application/json
Transfer-Encoding: chunked
Connection: keep-alive
Access-Control-Allow-Origin: *
Access-Control-Allow-Methods: GET, POST, DELETE, PUT
Access-Control-Allow-Headers: Content-Type, api_key, Authorization
Server: Jetty(9.2.9.v20150224)

{
    "code": 200,
    "type": "unknown",
    "message": "901225247"
}
HTTP/1.1 200 OK
Date: Wed, 12 Apr 2023 20:56:49 GMT
Content-Type: application/json
Transfer-Encoding: chunked
Connection: keep-alive
Access-Control-Allow-Origin: *
Access-Control-Allow-Methods: GET, POST, DELETE, PUT
Access-Control-Allow-Headers: Content-Type, api_key, Authorization
Server: Jetty(9.2.9.v20150224)

{
    "id": 126142286,
    "username": "testeruser6",
    "firstName": "Chandler",
    "lastName": "lastname6",
    "email": "f@gmail.com",
    "password": "test@6",
    "phone": "1234572",
    "userStatus": 0
}
]]></system-out>
  </testcase>
  <testcase name="testPostUserDD[1007, testeruser7, Monica, lastname7, g@gmail.com, 1234573, test@7](7)" classname="api.test.DataDrivenTest" time="2.078">
    <system-out><![CDATA[HTTP/1.1 200 OK
Date: Wed, 12 Apr 2023 20:56:50 GMT
Content-Type: application/json
Transfer-Encoding: chunked
Connection: keep-alive
Access-Control-Allow-Origin: *
Access-Control-Allow-Methods: GET, POST, DELETE, PUT
Access-Control-Allow-Headers: Content-Type, api_key, Authorization
Server: Jetty(9.2.9.v20150224)

{
    "code": 200,
    "type": "unknown",
    "message": "999685353"
}
HTTP/1.1 200 OK
Date: Wed, 12 Apr 2023 20:56:51 GMT
Content-Type: application/json
Transfer-Encoding: chunked
Connection: keep-alive
Access-Control-Allow-Origin: *
Access-Control-Allow-Methods: GET, POST, DELETE, PUT
Access-Control-Allow-Headers: Content-Type, api_key, Authorization
Server: Jetty(9.2.9.v20150224)

{
    "id": 696327501,
    "username": "testeruser7",
    "firstName": "Monica",
    "lastName": "lastname7",
    "email": "g@gmail.com",
    "password": "test@7",
    "phone": "1234573",
    "userStatus": 0
}
]]></system-out>
  </testcase>
  <testcase name="testPostUserDD[1008, testeruser8, joey, lastname8, h@gmail.com, 1234574, test@8](8)" classname="api.test.DataDrivenTest" time="2.173">
    <system-out><![CDATA[HTTP/1.1 200 OK
Date: Wed, 12 Apr 2023 20:56:52 GMT
Content-Type: application/json
Transfer-Encoding: chunked
Connection: keep-alive
Access-Control-Allow-Origin: *
Access-Control-Allow-Methods: GET, POST, DELETE, PUT
Access-Control-Allow-Headers: Content-Type, api_key, Authorization
Server: Jetty(9.2.9.v20150224)

{
    "code": 200,
    "type": "unknown",
    "message": "66135670"
}
HTTP/1.1 200 OK
Date: Wed, 12 Apr 2023 20:56:53 GMT
Content-Type: application/json
Transfer-Encoding: chunked
Connection: keep-alive
Access-Control-Allow-Origin: *
Access-Control-Allow-Methods: GET, POST, DELETE, PUT
Access-Control-Allow-Headers: Content-Type, api_key, Authorization
Server: Jetty(9.2.9.v20150224)

{
    "id": 1335794721,
    "username": "testeruser8",
    "firstName": "joey",
    "lastName": "lastname8",
    "email": "h@gmail.com",
    "password": "test@8",
    "phone": "1234574",
    "userStatus": 0
}
]]></system-out>
  </testcase>
  <testcase name="testPostUserDD[1009, testeruser9, phoebe, lastname9, i@gmail.com, 1234575, test@9](9)" classname="api.test.DataDrivenTest" time="2.156">
    <system-out><![CDATA[HTTP/1.1 200 OK
Date: Wed, 12 Apr 2023 20:56:55 GMT
Content-Type: application/json
Transfer-Encoding: chunked
Connection: keep-alive
Access-Control-Allow-Origin: *
Access-Control-Allow-Methods: GET, POST, DELETE, PUT
Access-Control-Allow-Headers: Content-Type, api_key, Authorization
Server: Jetty(9.2.9.v20150224)

{
    "code": 200,
    "type": "unknown",
    "message": "1523475985"
}
HTTP/1.1 200 OK
Date: Wed, 12 Apr 2023 20:56:56 GMT
Content-Type: application/json
Transfer-Encoding: chunked
Connection: keep-alive
Access-Control-Allow-Origin: *
Access-Control-Allow-Methods: GET, POST, DELETE, PUT
Access-Control-Allow-Headers: Content-Type, api_key, Authorization
Server: Jetty(9.2.9.v20150224)

{
    "id": 1523475985,
    "username": "testeruser9",
    "firstName": "phoebe",
    "lastName": "lastname9",
    "email": "i@gmail.com",
    "password": "test@9",
    "phone": "1234575",
    "userStatus": 0
}
]]></system-out>
  </testcase>
</testsuite>