<?xml version="1.0" encoding="UTF-8"?>
<testng-results ignored="0" total="22" passed="22" failed="0" skipped="0">
  <reporter-output>
  </reporter-output>
  <suite started-at="2023-04-13T02:26:14 IST" name="Testing API" finished-at="2023-04-13T02:26:56 IST" duration-ms="41256">
    <groups>
    </groups>
    <test started-at="2023-04-13T02:26:14 IST" name="UserTest" finished-at="2023-04-13T02:26:56 IST" duration-ms="41256">
      <class name="api.test.UserTest">
        <test-method is-config="true" signature="setupData()[pri:0, instance:api.test.UserTest@333291e3]" started-at="2023-04-13T02:26:14 IST" name="setupData" finished-at="2023-04-13T02:26:16 IST" duration-ms="1215" status="PASS">
          <reporter-output>
          </reporter-output>
        </test-method> <!-- setupData -->
        <test-method signature="testPostUser()[pri:1, instance:api.test.UserTest@333291e3]" started-at="2023-04-13T02:26:16 IST" name="testPostUser" finished-at="2023-04-13T02:26:19 IST" duration-ms="3561" status="PASS">
          <reporter-output>
          </reporter-output>
        </test-method> <!-- testPostUser -->
        <test-method signature="testGetUser()[pri:2, instance:api.test.UserTest@333291e3]" started-at="2023-04-13T02:26:19 IST" name="testGetUser" finished-at="2023-04-13T02:26:20 IST" duration-ms="1089" status="PASS">
          <reporter-output>
          </reporter-output>
        </test-method> <!-- testGetUser -->
        <test-method signature="testPutUser()[pri:3, instance:api.test.UserTest@333291e3]" started-at="2023-04-13T02:26:20 IST" name="testPutUser" finished-at="2023-04-13T02:26:22 IST" duration-ms="2081" status="PASS">
          <reporter-output>
          </reporter-output>
        </test-method> <!-- testPutUser -->
        <test-method signature="testDeleteUser()[pri:4, instance:api.test.UserTest@333291e3]" started-at="2023-04-13T02:26:22 IST" name="testDeleteUser" finished-at="2023-04-13T02:26:24 IST" duration-ms="1076" status="PASS">
          <reporter-output>
          </reporter-output>
        </test-method> <!-- testDeleteUser -->
      </class> <!-- api.test.UserTest -->
      <class name="api.test.DataDrivenTest">
        <test-method signature="testDeleteUserDD(java.lang.String)[pri:1, instance:api.test.DataDrivenTest@123ef382]" started-at="2023-04-13T02:26:25 IST" name="testDeleteUserDD" data-provider="UserNames" finished-at="2023-04-13T02:26:26 IST" duration-ms="1123" status="PASS">
          <params>
            <param index="0">
              <value>
                <![CDATA[testeruser1]]>
              </value>
            </param>
          </params>
          <reporter-output>
          </reporter-output>
        </test-method> <!-- testDeleteUserDD -->
        <test-method signature="testDeleteUserDD(java.lang.String)[pri:1, instance:api.test.DataDrivenTest@123ef382]" started-at="2023-04-13T02:26:26 IST" name="testDeleteUserDD" data-provider="UserNames" finished-at="2023-04-13T02:26:27 IST" duration-ms="1088" status="PASS">
          <params>
            <param index="0">
              <value>
                <![CDATA[testeruser2]]>
              </value>
            </param>
          </params>
          <reporter-output>
          </reporter-output>
        </test-method> <!-- testDeleteUserDD -->
        <test-method signature="testDeleteUserDD(java.lang.String)[pri:1, instance:api.test.DataDrivenTest@123ef382]" started-at="2023-04-13T02:26:27 IST" name="testDeleteUserDD" data-provider="UserNames" finished-at="2023-04-13T02:26:28 IST" duration-ms="1051" status="PASS">
          <params>
            <param index="0">
              <value>
                <![CDATA[testeruser3]]>
              </value>
            </param>
          </params>
          <reporter-output>
          </reporter-output>
        </test-method> <!-- testDeleteUserDD -->
        <test-method signature="testDeleteUserDD(java.lang.String)[pri:1, instance:api.test.DataDrivenTest@123ef382]" started-at="2023-04-13T02:26:28 IST" name="testDeleteUserDD" data-provider="UserNames" finished-at="2023-04-13T02:26:29 IST" duration-ms="1069" status="PASS">
          <params>
            <param index="0">
              <value>
                <![CDATA[testeruser4]]>
              </value>
            </param>
          </params>
          <reporter-output>
          </reporter-output>
        </test-method> <!-- testDeleteUserDD -->
        <test-method signature="testDeleteUserDD(java.lang.String)[pri:1, instance:api.test.DataDrivenTest@123ef382]" started-at="2023-04-13T02:26:29 IST" name="testDeleteUserDD" data-provider="UserNames" finished-at="2023-04-13T02:26:31 IST" duration-ms="1717" status="PASS">
          <params>
            <param index="0">
              <value>
                <![CDATA[testeruser5]]>
              </value>
            </param>
          </params>
          <reporter-output>
          </reporter-output>
        </test-method> <!-- testDeleteUserDD -->
        <test-method signature="testDeleteUserDD(java.lang.String)[pri:1, instance:api.test.DataDrivenTest@123ef382]" started-at="2023-04-13T02:26:31 IST" name="testDeleteUserDD" data-provider="UserNames" finished-at="2023-04-13T02:26:32 IST" duration-ms="1060" status="PASS">
          <params>
            <param index="0">
              <value>
                <![CDATA[testeruser6]]>
              </value>
            </param>
          </params>
          <reporter-output>
          </reporter-output>
        </test-method> <!-- testDeleteUserDD -->
        <test-method signature="testDeleteUserDD(java.lang.String)[pri:1, instance:api.test.DataDrivenTest@123ef382]" started-at="2023-04-13T02:26:32 IST" name="testDeleteUserDD" data-provider="UserNames" finished-at="2023-04-13T02:26:33 IST" duration-ms="1088" status="PASS">
          <params>
            <param index="0">
              <value>
                <![CDATA[testeruser7]]>
              </value>
            </param>
          </params>
          <reporter-output>
          </reporter-output>
        </test-method> <!-- testDeleteUserDD -->
        <test-method signature="testDeleteUserDD(java.lang.String)[pri:1, instance:api.test.DataDrivenTest@123ef382]" started-at="2023-04-13T02:26:33 IST" name="testDeleteUserDD" data-provider="UserNames" finished-at="2023-04-13T02:26:34 IST" duration-ms="1084" status="PASS">
          <params>
            <param index="0">
              <value>
                <![CDATA[testeruser8]]>
              </value>
            </param>
          </params>
          <reporter-output>
          </reporter-output>
        </test-method> <!-- testDeleteUserDD -->
        <test-method signature="testDeleteUserDD(java.lang.String)[pri:1, instance:api.test.DataDrivenTest@123ef382]" started-at="2023-04-13T02:26:34 IST" name="testDeleteUserDD" data-provider="UserNames" finished-at="2023-04-13T02:26:35 IST" duration-ms="1067" status="PASS">
          <params>
            <param index="0">
              <value>
                <![CDATA[testeruser9]]>
              </value>
            </param>
          </params>
          <reporter-output>
          </reporter-output>
        </test-method> <!-- testDeleteUserDD -->
        <test-method signature="testPostUserDD(java.lang.String,java.lang.String,java.lang.String,java.lang.String,java.lang.String,java.lang.String,java.lang.String)[pri:1, instance:api.test.DataDrivenTest@123ef382]" started-at="2023-04-13T02:26:36 IST" name="testPostUserDD" data-provider="Data" finished-at="2023-04-13T02:26:38 IST" duration-ms="2062" status="PASS">
          <params>
            <param index="0">
              <value>
                <![CDATA[1001]]>
              </value>
            </param>
            <param index="1">
              <value>
                <![CDATA[testeruser1]]>
              </value>
            </param>
            <param index="2">
              <value>
                <![CDATA[John]]>
              </value>
            </param>
            <param index="3">
              <value>
                <![CDATA[lastname1]]>
              </value>
            </param>
            <param index="4">
              <value>
                <![CDATA[a@gmail.com]]>
              </value>
            </param>
            <param index="5">
              <value>
                <![CDATA[1234567]]>
              </value>
            </param>
            <param index="6">
              <value>
                <![CDATA[test@1]]>
              </value>
            </param>
          </params>
          <reporter-output>
          </reporter-output>
        </test-method> <!-- testPostUserDD -->
        <test-method signature="testPostUserDD(java.lang.String,java.lang.String,java.lang.String,java.lang.String,java.lang.String,java.lang.String,java.lang.String)[pri:1, instance:api.test.DataDrivenTest@123ef382]" started-at="2023-04-13T02:26:38 IST" name="testPostUserDD" data-provider="Data" finished-at="2023-04-13T02:26:41 IST" duration-ms="2118" status="PASS">
          <params>
            <param index="0">
              <value>
                <![CDATA[1002]]>
              </value>
            </param>
            <param index="1">
              <value>
                <![CDATA[testeruser2]]>
              </value>
            </param>
            <param index="2">
              <value>
                <![CDATA[Kim]]>
              </value>
            </param>
            <param index="3">
              <value>
                <![CDATA[lastname2]]>
              </value>
            </param>
            <param index="4">
              <value>
                <![CDATA[b@gmail.com]]>
              </value>
            </param>
            <param index="5">
              <value>
                <![CDATA[1234568]]>
              </value>
            </param>
            <param index="6">
              <value>
                <![CDATA[test@2]]>
              </value>
            </param>
          </params>
          <reporter-output>
          </reporter-output>
        </test-method> <!-- testPostUserDD -->
        <test-method signature="testPostUserDD(java.lang.String,java.lang.String,java.lang.String,java.lang.String,java.lang.String,java.lang.String,java.lang.String)[pri:1, instance:api.test.DataDrivenTest@123ef382]" started-at="2023-04-13T02:26:41 IST" name="testPostUserDD" data-provider="Data" finished-at="2023-04-13T02:26:43 IST" duration-ms="2225" status="PASS">
          <params>
            <param index="0">
              <value>
                <![CDATA[1003]]>
              </value>
            </param>
            <param index="1">
              <value>
                <![CDATA[testeruser3]]>
              </value>
            </param>
            <param index="2">
              <value>
                <![CDATA[Pam]]>
              </value>
            </param>
            <param index="3">
              <value>
                <![CDATA[lastname3]]>
              </value>
            </param>
            <param index="4">
              <value>
                <![CDATA[c@gmail.com]]>
              </value>
            </param>
            <param index="5">
              <value>
                <![CDATA[1234569]]>
              </value>
            </param>
            <param index="6">
              <value>
                <![CDATA[test@3]]>
              </value>
            </param>
          </params>
          <reporter-output>
          </reporter-output>
        </test-method> <!-- testPostUserDD -->
        <test-method signature="testPostUserDD(java.lang.String,java.lang.String,java.lang.String,java.lang.String,java.lang.String,java.lang.String,java.lang.String)[pri:1, instance:api.test.DataDrivenTest@123ef382]" started-at="2023-04-13T02:26:43 IST" name="testPostUserDD" data-provider="Data" finished-at="2023-04-13T02:26:45 IST" duration-ms="2165" status="PASS">
          <params>
            <param index="0">
              <value>
                <![CDATA[1004]]>
              </value>
            </param>
            <param index="1">
              <value>
                <![CDATA[testeruser4]]>
              </value>
            </param>
            <param index="2">
              <value>
                <![CDATA[Raj]]>
              </value>
            </param>
            <param index="3">
              <value>
                <![CDATA[lastname4]]>
              </value>
            </param>
            <param index="4">
              <value>
                <![CDATA[d@gmail.com]]>
              </value>
            </param>
            <param index="5">
              <value>
                <![CDATA[1234570]]>
              </value>
            </param>
            <param index="6">
              <value>
                <![CDATA[test@4]]>
              </value>
            </param>
          </params>
          <reporter-output>
          </reporter-output>
        </test-method> <!-- testPostUserDD -->
        <test-method signature="testPostUserDD(java.lang.String,java.lang.String,java.lang.String,java.lang.String,java.lang.String,java.lang.String,java.lang.String)[pri:1, instance:api.test.DataDrivenTest@123ef382]" started-at="2023-04-13T02:26:45 IST" name="testPostUserDD" data-provider="Data" finished-at="2023-04-13T02:26:47 IST" duration-ms="2185" status="PASS">
          <params>
            <param index="0">
              <value>
                <![CDATA[1005]]>
              </value>
            </param>
            <param index="1">
              <value>
                <![CDATA[testeruser5]]>
              </value>
            </param>
            <param index="2">
              <value>
                <![CDATA[Sheldon]]>
              </value>
            </param>
            <param index="3">
              <value>
                <![CDATA[lastname5]]>
              </value>
            </param>
            <param index="4">
              <value>
                <![CDATA[e@gmail.com]]>
              </value>
            </param>
            <param index="5">
              <value>
                <![CDATA[1234571]]>
              </value>
            </param>
            <param index="6">
              <value>
                <![CDATA[test@5]]>
              </value>
            </param>
          </params>
          <reporter-output>
          </reporter-output>
        </test-method> <!-- testPostUserDD -->
        <test-method signature="testPostUserDD(java.lang.String,java.lang.String,java.lang.String,java.lang.String,java.lang.String,java.lang.String,java.lang.String)[pri:1, instance:api.test.DataDrivenTest@123ef382]" started-at="2023-04-13T02:26:47 IST" name="testPostUserDD" data-provider="Data" finished-at="2023-04-13T02:26:49 IST" duration-ms="2144" status="PASS">
          <params>
            <param index="0">
              <value>
                <![CDATA[1006]]>
              </value>
            </param>
            <param index="1">
              <value>
                <![CDATA[testeruser6]]>
              </value>
            </param>
            <param index="2">
              <value>
                <![CDATA[Chandler]]>
              </value>
            </param>
            <param index="3">
              <value>
                <![CDATA[lastname6]]>
              </value>
            </param>
            <param index="4">
              <value>
                <![CDATA[f@gmail.com]]>
              </value>
            </param>
            <param index="5">
              <value>
                <![CDATA[1234572]]>
              </value>
            </param>
            <param index="6">
              <value>
                <![CDATA[test@6]]>
              </value>
            </param>
          </params>
          <reporter-output>
          </reporter-output>
        </test-method> <!-- testPostUserDD -->
        <test-method signature="testPostUserDD(java.lang.String,java.lang.String,java.lang.String,java.lang.String,java.lang.String,java.lang.String,java.lang.String)[pri:1, instance:api.test.DataDrivenTest@123ef382]" started-at="2023-04-13T02:26:49 IST" name="testPostUserDD" data-provider="Data" finished-at="2023-04-13T02:26:51 IST" duration-ms="2080" status="PASS">
          <params>
            <param index="0">
              <value>
                <![CDATA[1007]]>
              </value>
            </param>
            <param index="1">
              <value>
                <![CDATA[testeruser7]]>
              </value>
            </param>
            <param index="2">
              <value>
                <![CDATA[Monica]]>
              </value>
            </param>
            <param index="3">
              <value>
                <![CDATA[lastname7]]>
              </value>
            </param>
            <param index="4">
              <value>
                <![CDATA[g@gmail.com]]>
              </value>
            </param>
            <param index="5">
              <value>
                <![CDATA[1234573]]>
              </value>
            </param>
            <param index="6">
              <value>
                <![CDATA[test@7]]>
              </value>
            </param>
          </params>
          <reporter-output>
          </reporter-output>
        </test-method> <!-- testPostUserDD -->
        <test-method signature="testPostUserDD(java.lang.String,java.lang.String,java.lang.String,java.lang.String,java.lang.String,java.lang.String,java.lang.String)[pri:1, instance:api.test.DataDrivenTest@123ef382]" started-at="2023-04-13T02:26:51 IST" name="testPostUserDD" data-provider="Data" finished-at="2023-04-13T02:26:54 IST" duration-ms="2171" status="PASS">
          <params>
            <param index="0">
              <value>
                <![CDATA[1008]]>
              </value>
            </param>
            <param index="1">
              <value>
                <![CDATA[testeruser8]]>
              </value>
            </param>
            <param index="2">
              <value>
                <![CDATA[joey]]>
              </value>
            </param>
            <param index="3">
              <value>
                <![CDATA[lastname8]]>
              </value>
            </param>
            <param index="4">
              <value>
                <![CDATA[h@gmail.com]]>
              </value>
            </param>
            <param index="5">
              <value>
                <![CDATA[1234574]]>
              </value>
            </param>
            <param index="6">
              <value>
                <![CDATA[test@8]]>
              </value>
            </param>
          </params>
          <reporter-output>
          </reporter-output>
        </test-method> <!-- testPostUserDD -->
        <test-method signature="testPostUserDD(java.lang.String,java.lang.String,java.lang.String,java.lang.String,java.lang.String,java.lang.String,java.lang.String)[pri:1, instance:api.test.DataDrivenTest@123ef382]" started-at="2023-04-13T02:26:54 IST" name="testPostUserDD" data-provider="Data" finished-at="2023-04-13T02:26:56 IST" duration-ms="2157" status="PASS">
          <params>
            <param index="0">
              <value>
                <![CDATA[1009]]>
              </value>
            </param>
            <param index="1">
              <value>
                <![CDATA[testeruser9]]>
              </value>
            </param>
            <param index="2">
              <value>
                <![CDATA[phoebe]]>
              </value>
            </param>
            <param index="3">
              <value>
                <![CDATA[lastname9]]>
              </value>
            </param>
            <param index="4">
              <value>
                <![CDATA[i@gmail.com]]>
              </value>
            </param>
            <param index="5">
              <value>
                <![CDATA[1234575]]>
              </value>
            </param>
            <param index="6">
              <value>
                <![CDATA[test@9]]>
              </value>
            </param>
          </params>
          <reporter-output>
          </reporter-output>
        </test-method> <!-- testPostUserDD -->
      </class> <!-- api.test.DataDrivenTest -->
    </test> <!-- UserTest -->
  </suite> <!-- Testing API -->
</testng-results>
