<?xml version="1.0" encoding="UTF-8"?>
<!-- Generated by org.testng.reporters.JUnitXMLReporter -->
<testsuite ignored="0" hostname="DESKTOP-SRNFPC7" failures="0" tests="22" name="UserTest" time="41.256" errors="0" timestamp="2023-04-13T02:26:56 IST">
  <testcase classname="api.test.UserTest" name="testPostUser" time="3.561"/>
  <testcase classname="api.test.UserTest" name="testGetUser" time="1.089"/>
  <testcase classname="api.test.UserTest" name="testPutUser" time="2.081"/>
  <testcase classname="api.test.UserTest" name="testDeleteUser" time="1.076"/>
  <testcase classname="api.test.DataDrivenTest" name="testDeleteUserDD" time="1.123"/>
  <testcase classname="api.test.DataDrivenTest" name="testDeleteUserDD" time="1.088"/>
  <testcase classname="api.test.DataDrivenTest" name="testDeleteUserDD" time="1.051"/>
  <testcase classname="api.test.DataDrivenTest" name="testDeleteUserDD" time="1.069"/>
  <testcase classname="api.test.DataDrivenTest" name="testDeleteUserDD" time="1.717"/>
  <testcase classname="api.test.DataDrivenTest" name="testDeleteUserDD" time="1.06"/>
  <testcase classname="api.test.DataDrivenTest" name="testDeleteUserDD" time="1.088"/>
  <testcase classname="api.test.DataDrivenTest" name="testDeleteUserDD" time="1.084"/>
  <testcase classname="api.test.DataDrivenTest" name="testDeleteUserDD" time="1.067"/>
  <testcase classname="api.test.DataDrivenTest" name="testPostUserDD" time="2.062"/>
  <testcase classname="api.test.DataDrivenTest" name="testPostUserDD" time="2.118"/>
  <testcase classname="api.test.DataDrivenTest" name="testPostUserDD" time="2.225"/>
  <testcase classname="api.test.DataDrivenTest" name="testPostUserDD" time="2.165"/>
  <testcase classname="api.test.DataDrivenTest" name="testPostUserDD" time="2.185"/>
  <testcase classname="api.test.DataDrivenTest" name="testPostUserDD" time="2.144"/>
  <testcase classname="api.test.DataDrivenTest" name="testPostUserDD" time="2.08"/>
  <testcase classname="api.test.DataDrivenTest" name="testPostUserDD" time="2.171"/>
  <testcase classname="api.test.DataDrivenTest" name="testPostUserDD" time="2.157"/>
</testsuite> <!-- UserTest -->
