<?xml version="1.0" encoding="UTF-8"?>
<!-- Generated by org.testng.reporters.JUnitXMLReporter -->
<testsuite ignored="0" hostname="DESKTOP-SRNFPC7" failures="0" tests="22" name="UserTest" time="39.322" errors="0" timestamp="2023-04-13T04:59:36 IST">
  <testcase classname="api.test.UserTest" name="testPostUser" time="3.349"/>
  <testcase classname="api.test.UserTest" name="testGetUser" time="1.034"/>
  <testcase classname="api.test.UserTest" name="testPutUser" time="2.174"/>
  <testcase classname="api.test.UserTest" name="testDeleteUser" time="1.139"/>
  <testcase classname="api.test.DataDrivenTest" name="testDeleteUserDD" time="1.084"/>
  <testcase classname="api.test.DataDrivenTest" name="testDeleteUserDD" time="1.06"/>
  <testcase classname="api.test.DataDrivenTest" name="testDeleteUserDD" time="1.068"/>
  <testcase classname="api.test.DataDrivenTest" name="testDeleteUserDD" time="1.153"/>
  <testcase classname="api.test.DataDrivenTest" name="testDeleteUserDD" time="1.06"/>
  <testcase classname="api.test.DataDrivenTest" name="testDeleteUserDD" time="1.069"/>
  <testcase classname="api.test.DataDrivenTest" name="testDeleteUserDD" time="1.085"/>
  <testcase classname="api.test.DataDrivenTest" name="testDeleteUserDD" time="1.051"/>
  <testcase classname="api.test.DataDrivenTest" name="testDeleteUserDD" time="1.037"/>
  <testcase classname="api.test.DataDrivenTest" name="testPostUserDD" time="2.138"/>
  <testcase classname="api.test.DataDrivenTest" name="testPostUserDD" time="2.113"/>
  <testcase classname="api.test.DataDrivenTest" name="testPostUserDD" time="2.118"/>
  <testcase classname="api.test.DataDrivenTest" name="testPostUserDD" time="2.194"/>
  <testcase classname="api.test.DataDrivenTest" name="testPostUserDD" time="2.094"/>
  <testcase classname="api.test.DataDrivenTest" name="testPostUserDD" time="2.188"/>
  <testcase classname="api.test.DataDrivenTest" name="testPostUserDD" time="2.079"/>
  <testcase classname="api.test.DataDrivenTest" name="testPostUserDD" time="2.106"/>
  <testcase classname="api.test.DataDrivenTest" name="testPostUserDD" time="2.143"/>
</testsuite> <!-- UserTest -->
